#
# A fatal error has been detected by the Java Runtime Environment:
#
#  Internal Error (generateOopMap.cpp:2164), pid=19085, tid=19097
#  fatal error: Illegal class file encountered. Try running with -Xverify:all in method main
#
# JRE version: OpenJDK Runtime Environment (11.0.4+11) (build 11.0.4+11-post-Ubuntu-1ubuntu218.04.3)
# Java VM: OpenJDK 64-Bit Server VM (11.0.4+11-post-Ubuntu-1ubuntu218.04.3, mixed mode, tiered, compressed oops, g1 gc, linux-amd64)
# Core dump will be written. Default location: Core dumps may be processed with "/usr/share/apport/apport %p %s %c %d %P" (or dumping to /home/bridgeit/eclipse-workspace/TestProgram/core.19085)
#
# If you would like to submit a bug report, please visit:
#   https://bugs.launchpad.net/ubuntu/+source/openjdk-lts
#

---------------  S U M M A R Y ------------

Command Line: -agentlib:jdwp=transport=dt_socket,suspend=y,address=localhost:33041 -javaagent:/home/bridgeit/eclipse/jee-2019-0614/eclipse/configuration/org.eclipse.osgi/405/0/.cp/lib/javaagent-shaded.jar -Dfile.encoding=UTF-8 --module-path=/home/bridgeit/eclipse-workspace/TestProgram/bin -Djdk.module.main=TestProgram TestProgram/com.bridgelabz.functional.Test

Host: Intel(R) Core(TM) i5-4690 CPU @ 3.50GHz, 4 cores, 7G, Ubuntu 18.04.2 LTS
Time: Wed Sep 18 17:55:36 2019 IST elapsed time: 491 seconds (0d 0h 8m 11s)

---------------  T H R E A D  ---------------

Current thread (0x00007f11cc19d800):  VMThread "VM Thread" [stack: 0x00007f11d0344000,0x00007f11d0444000] [id=19097]

Stack: [0x00007f11d0344000,0x00007f11d0444000],  sp=0x00007f11d0441dc0,  free space=1015k
Native frames: (J=compiled Java code, A=aot compiled Java code, j=interpreted, Vv=VM code, C=native code)
V  [libjvm.so+0xde4547]
V  [libjvm.so+0xde515f]
V  [libjvm.so+0x6510ba]
V  [libjvm.so+0x7b72a8]
V  [libjvm.so+0x7b737b]
V  [libjvm.so+0x7b956d]
V  [libjvm.so+0x7b9d44]
V  [libjvm.so+0x7bbf5c]
V  [libjvm.so+0x7beabd]
V  [libjvm.so+0x7bee69]
V  [libjvm.so+0xbac64a]
V  [libjvm.so+0xbacbcb]
V  [libjvm.so+0xb3a9f6]
V  [libjvm.so+0x9d053c]
V  [libjvm.so+0xdeeda8]
V  [libjvm.so+0xdec5e6]
V  [libjvm.so+0xdecaf0]
V  [libjvm.so+0xdecf23]
V  [libjvm.so+0xd7aeea]
V  [libjvm.so+0xbc4a5e]

VM_Operation (0x00007f11a4f008a0): GetOrSetLocal, mode: safepoint, requested by thread 0x00007f11cc2e2000


---------------  P R O C E S S  ---------------

Threads class SMR info:
_java_thread_list=0x00007f1164075010, length=12, elements={
0x00007f11cc013800, 0x00007f11cc1a5800, 0x00007f11cc1aa000, 0x00007f11cc1bc800,
0x00007f11cc1be800, 0x00007f11cc1c0800, 0x00007f11cc1c2800, 0x00007f11cc265800,
0x00007f11cc2e2000, 0x00007f11cc2e5800, 0x00007f1178001800, 0x00007f11cc3d8000
}

Java Threads: ( => current thread )
  0x00007f11cc013800 JavaThread "main" [_thread_blocked, id=19091, stack(0x00007f11d60bf000,0x00007f11d61c0000)]
  0x00007f11cc1a5800 JavaThread "Reference Handler" daemon [_thread_blocked, id=19098, stack(0x00007f11d0241000,0x00007f11d0342000)]
  0x00007f11cc1aa000 JavaThread "Finalizer" daemon [_thread_blocked, id=19099, stack(0x00007f11d0140000,0x00007f11d0241000)]
  0x00007f11cc1bc800 JavaThread "Signal Dispatcher" daemon [_thread_blocked, id=19100, stack(0x00007f11d003f000,0x00007f11d0140000)]
  0x00007f11cc1be800 JavaThread "C2 CompilerThread0" daemon [_thread_blocked, id=19101, stack(0x00007f11b4055000,0x00007f11b4156000)]
  0x00007f11cc1c0800 JavaThread "C1 CompilerThread0" daemon [_thread_blocked, id=19102, stack(0x00007f11ac13f000,0x00007f11ac240000)]
  0x00007f11cc1c2800 JavaThread "Sweeper thread" daemon [_thread_blocked, id=19103, stack(0x00007f11ac03e000,0x00007f11ac13f000)]
  0x00007f11cc265800 JavaThread "Common-Cleaner" daemon [_thread_blocked, id=19105, stack(0x00007f11a5108000,0x00007f11a5209000)]
  0x00007f11cc2e2000 JavaThread "JDWP Transport Listener: dt_socket" daemon [_thread_blocked, id=19107, stack(0x00007f11a4e01000,0x00007f11a4f02000)] _threads_hazard_ptr=0x00007f1164075010
  0x00007f11cc2e5800 JavaThread "JDWP Event Helper Thread" daemon [_thread_blocked, id=19110, stack(0x00007f11a4d00000,0x00007f11a4e01000)]
  0x00007f1178001800 JavaThread "JDWP Command Reader" daemon [_thread_in_native, id=19111, stack(0x00007f11a4bff000,0x00007f11a4d00000)]
  0x00007f11cc3d8000 JavaThread "Service Thread" daemon [_thread_blocked, id=19115, stack(0x00007f11a49fd000,0x00007f11a4afe000)]

Other Threads:
=>0x00007f11cc19d800 VMThread "VM Thread" [stack: 0x00007f11d0344000,0x00007f11d0444000] [id=19097]
  0x00007f11cc3db800 WatcherThread [stack: 0x00007f11a48fd000,0x00007f11a49fd000] [id=19116]
  0x00007f11cc02a000 GCTaskThread "GC Thread#0" [stack: 0x00007f11d1c6b000,0x00007f11d1d6b000] [id=19092]
  0x00007f11cc05b000 ConcurrentGCThread "G1 Main Marker" [stack: 0x00007f11d0bd1000,0x00007f11d0cd1000] [id=19093]
  0x00007f11cc05d000 ConcurrentGCThread "G1 Conc#0" [stack: 0x00007f11d0acf000,0x00007f11d0bcf000] [id=19094]
  0x00007f11cc0d5000 ConcurrentGCThread "G1 Refine#0" [stack: 0x00007f11d05c9000,0x00007f11d06c9000] [id=19095]
  0x00007f11cc0d6800 ConcurrentGCThread "G1 Young RemSet Sampling" [stack: 0x00007f11d04c7000,0x00007f11d05c7000] [id=19096]

Threads with active compile tasks:

VM state:at safepoint (normal execution)

VM Mutex/Monitor currently owned by a thread:  ([mutex/lock_event])
[0x00007f11cc00f940] Threads_lock - owner thread: 0x00007f11cc19d800

Heap address: 0x0000000084800000, size: 1976 MB, Compressed Oops mode: 32-bit
Narrow klass base: 0x0000000000000000, Narrow klass shift: 3
Compressed class space size: 1073741824 Address: 0x0000000100000000

Heap:
 garbage-first heap   total 126976K, used 4096K [0x0000000084800000, 0x0000000100000000)
  region size 1024K, 5 young (5120K), 0 survivors (0K)
 Metaspace       used 9298K, capacity 9476K, committed 9600K, reserved 1058816K
  class space    used 831K, capacity 878K, committed 896K, reserved 1048576K
Heap Regions: E=young(eden), S=young(survivor), O=old, HS=humongous(starts), HC=humongous(continues), CS=collection set, F=free, A=archive, TAMS=top-at-mark-start (previous, next)
|   0|0x0000000084800000, 0x0000000084800000, 0x0000000084900000|  0%| F|  |TAMS 0x0000000084800000, 0x0000000084800000| Untracked 
|   1|0x0000000084900000, 0x0000000084900000, 0x0000000084a00000|  0%| F|  |TAMS 0x0000000084900000, 0x0000000084900000| Untracked 
|   2|0x0000000084a00000, 0x0000000084a00000, 0x0000000084b00000|  0%| F|  |TAMS 0x0000000084a00000, 0x0000000084a00000| Untracked 
|   3|0x0000000084b00000, 0x0000000084b00000, 0x0000000084c00000|  0%| F|  |TAMS 0x0000000084b00000, 0x0000000084b00000| Untracked 
|   4|0x0000000084c00000, 0x0000000084c00000, 0x0000000084d00000|  0%| F|  |TAMS 0x0000000084c00000, 0x0000000084c00000| Untracked 
|   5|0x0000000084d00000, 0x0000000084d00000, 0x0000000084e00000|  0%| F|  |TAMS 0x0000000084d00000, 0x0000000084d00000| Untracked 
|   6|0x0000000084e00000, 0x0000000084e00000, 0x0000000084f00000|  0%| F|  |TAMS 0x0000000084e00000, 0x0000000084e00000| Untracked 
|   7|0x0000000084f00000, 0x0000000084f00000, 0x0000000085000000|  0%| F|  |TAMS 0x0000000084f00000, 0x0000000084f00000| Untracked 
|   8|0x0000000085000000, 0x0000000085000000, 0x0000000085100000|  0%| F|  |TAMS 0x0000000085000000, 0x0000000085000000| Untracked 
|   9|0x0000000085100000, 0x0000000085100000, 0x0000000085200000|  0%| F|  |TAMS 0x0000000085100000, 0x0000000085100000| Untracked 
|  10|0x0000000085200000, 0x0000000085200000, 0x0000000085300000|  0%| F|  |TAMS 0x0000000085200000, 0x0000000085200000| Untracked 
|  11|0x0000000085300000, 0x0000000085300000, 0x0000000085400000|  0%| F|  |TAMS 0x0000000085300000, 0x0000000085300000| Untracked 
|  12|0x0000000085400000, 0x0000000085400000, 0x0000000085500000|  0%| F|  |TAMS 0x0000000085400000, 0x0000000085400000| Untracked 
|  13|0x0000000085500000, 0x0000000085500000, 0x0000000085600000|  0%| F|  |TAMS 0x0000000085500000, 0x0000000085500000| Untracked 
|  14|0x0000000085600000, 0x0000000085600000, 0x0000000085700000|  0%| F|  |TAMS 0x0000000085600000, 0x0000000085600000| Untracked 
|  15|0x0000000085700000, 0x0000000085700000, 0x0000000085800000|  0%| F|  |TAMS 0x0000000085700000, 0x0000000085700000| Untracked 
|  16|0x0000000085800000, 0x0000000085800000, 0x0000000085900000|  0%| F|  |TAMS 0x0000000085800000, 0x0000000085800000| Untracked 
|  17|0x0000000085900000, 0x0000000085900000, 0x0000000085a00000|  0%| F|  |TAMS 0x0000000085900000, 0x0000000085900000| Untracked 
|  18|0x0000000085a00000, 0x0000000085a00000, 0x0000000085b00000|  0%| F|  |TAMS 0x0000000085a00000, 0x0000000085a00000| Untracked 
|  19|0x0000000085b00000, 0x0000000085b00000, 0x0000000085c00000|  0%| F|  |TAMS 0x0000000085b00000, 0x0000000085b00000| Untracked 
|  20|0x0000000085c00000, 0x0000000085c00000, 0x0000000085d00000|  0%| F|  |TAMS 0x0000000085c00000, 0x0000000085c00000| Untracked 
|  21|0x0000000085d00000, 0x0000000085d00000, 0x0000000085e00000|  0%| F|  |TAMS 0x0000000085d00000, 0x0000000085d00000| Untracked 
|  22|0x0000000085e00000, 0x0000000085e00000, 0x0000000085f00000|  0%| F|  |TAMS 0x0000000085e00000, 0x0000000085e00000| Untracked 
|  23|0x0000000085f00000, 0x0000000085f00000, 0x0000000086000000|  0%| F|  |TAMS 0x0000000085f00000, 0x0000000085f00000| Untracked 
|  24|0x0000000086000000, 0x0000000086000000, 0x0000000086100000|  0%| F|  |TAMS 0x0000000086000000, 0x0000000086000000| Untracked 
|  25|0x0000000086100000, 0x0000000086100000, 0x0000000086200000|  0%| F|  |TAMS 0x0000000086100000, 0x0000000086100000| Untracked 
|  26|0x0000000086200000, 0x0000000086200000, 0x0000000086300000|  0%| F|  |TAMS 0x0000000086200000, 0x0000000086200000| Untracked 
|  27|0x0000000086300000, 0x0000000086300000, 0x0000000086400000|  0%| F|  |TAMS 0x0000000086300000, 0x0000000086300000| Untracked 
|  28|0x0000000086400000, 0x0000000086400000, 0x0000000086500000|  0%| F|  |TAMS 0x0000000086400000, 0x0000000086400000| Untracked 
|  29|0x0000000086500000, 0x0000000086500000, 0x0000000086600000|  0%| F|  |TAMS 0x0000000086500000, 0x0000000086500000| Untracked 
|  30|0x0000000086600000, 0x0000000086600000, 0x0000000086700000|  0%| F|  |TAMS 0x0000000086600000, 0x0000000086600000| Untracked 
|  31|0x0000000086700000, 0x0000000086700000, 0x0000000086800000|  0%| F|  |TAMS 0x0000000086700000, 0x0000000086700000| Untracked 
|  32|0x0000000086800000, 0x0000000086800000, 0x0000000086900000|  0%| F|  |TAMS 0x0000000086800000, 0x0000000086800000| Untracked 
|  33|0x0000000086900000, 0x0000000086900000, 0x0000000086a00000|  0%| F|  |TAMS 0x0000000086900000, 0x0000000086900000| Untracked 
|  34|0x0000000086a00000, 0x0000000086a00000, 0x0000000086b00000|  0%| F|  |TAMS 0x0000000086a00000, 0x0000000086a00000| Untracked 
|  35|0x0000000086b00000, 0x0000000086b00000, 0x0000000086c00000|  0%| F|  |TAMS 0x0000000086b00000, 0x0000000086b00000| Untracked 
|  36|0x0000000086c00000, 0x0000000086c00000, 0x0000000086d00000|  0%| F|  |TAMS 0x0000000086c00000, 0x0000000086c00000| Untracked 
|  37|0x0000000086d00000, 0x0000000086d00000, 0x0000000086e00000|  0%| F|  |TAMS 0x0000000086d00000, 0x0000000086d00000| Untracked 
|  38|0x0000000086e00000, 0x0000000086e00000, 0x0000000086f00000|  0%| F|  |TAMS 0x0000000086e00000, 0x0000000086e00000| Untracked 
|  39|0x0000000086f00000, 0x0000000086f00000, 0x0000000087000000|  0%| F|  |TAMS 0x0000000086f00000, 0x0000000086f00000| Untracked 
|  40|0x0000000087000000, 0x0000000087000000, 0x0000000087100000|  0%| F|  |TAMS 0x0000000087000000, 0x0000000087000000| Untracked 
|  41|0x0000000087100000, 0x0000000087100000, 0x0000000087200000|  0%| F|  |TAMS 0x0000000087100000, 0x0000000087100000| Untracked 
|  42|0x0000000087200000, 0x0000000087200000, 0x0000000087300000|  0%| F|  |TAMS 0x0000000087200000, 0x0000000087200000| Untracked 
|  43|0x0000000087300000, 0x0000000087300000, 0x0000000087400000|  0%| F|  |TAMS 0x0000000087300000, 0x0000000087300000| Untracked 
|  44|0x0000000087400000, 0x0000000087400000, 0x0000000087500000|  0%| F|  |TAMS 0x0000000087400000, 0x0000000087400000| Untracked 
|  45|0x0000000087500000, 0x0000000087500000, 0x0000000087600000|  0%| F|  |TAMS 0x0000000087500000, 0x0000000087500000| Untracked 
|  46|0x0000000087600000, 0x0000000087600000, 0x0000000087700000|  0%| F|  |TAMS 0x0000000087600000, 0x0000000087600000| Untracked 
|  47|0x0000000087700000, 0x0000000087700000, 0x0000000087800000|  0%| F|  |TAMS 0x0000000087700000, 0x0000000087700000| Untracked 
|  48|0x0000000087800000, 0x0000000087800000, 0x0000000087900000|  0%| F|  |TAMS 0x0000000087800000, 0x0000000087800000| Untracked 
|  49|0x0000000087900000, 0x0000000087900000, 0x0000000087a00000|  0%| F|  |TAMS 0x0000000087900000, 0x0000000087900000| Untracked 
|  50|0x0000000087a00000, 0x0000000087a00000, 0x0000000087b00000|  0%| F|  |TAMS 0x0000000087a00000, 0x0000000087a00000| Untracked 
|  51|0x0000000087b00000, 0x0000000087b00000, 0x0000000087c00000|  0%| F|  |TAMS 0x0000000087b00000, 0x0000000087b00000| Untracked 
|  52|0x0000000087c00000, 0x0000000087c00000, 0x0000000087d00000|  0%| F|  |TAMS 0x0000000087c00000, 0x0000000087c00000| Untracked 
|  53|0x0000000087d00000, 0x0000000087d00000, 0x0000000087e00000|  0%| F|  |TAMS 0x0000000087d00000, 0x0000000087d00000| Untracked 
|  54|0x0000000087e00000, 0x0000000087e00000, 0x0000000087f00000|  0%| F|  |TAMS 0x0000000087e00000, 0x0000000087e00000| Untracked 
|  55|0x0000000087f00000, 0x0000000087f00000, 0x0000000088000000|  0%| F|  |TAMS 0x0000000087f00000, 0x0000000087f00000| Untracked 
|  56|0x0000000088000000, 0x0000000088000000, 0x0000000088100000|  0%| F|  |TAMS 0x0000000088000000, 0x0000000088000000| Untracked 
|  57|0x0000000088100000, 0x0000000088100000, 0x0000000088200000|  0%| F|  |TAMS 0x0000000088100000, 0x0000000088100000| Untracked 
|  58|0x0000000088200000, 0x0000000088200000, 0x0000000088300000|  0%| F|  |TAMS 0x0000000088200000, 0x0000000088200000| Untracked 
|  59|0x0000000088300000, 0x0000000088300000, 0x0000000088400000|  0%| F|  |TAMS 0x0000000088300000, 0x0000000088300000| Untracked 
|  60|0x0000000088400000, 0x0000000088400000, 0x0000000088500000|  0%| F|  |TAMS 0x0000000088400000, 0x0000000088400000| Untracked 
|  61|0x0000000088500000, 0x0000000088500000, 0x0000000088600000|  0%| F|  |TAMS 0x0000000088500000, 0x0000000088500000| Untracked 
|  62|0x0000000088600000, 0x0000000088600000, 0x0000000088700000|  0%| F|  |TAMS 0x0000000088600000, 0x0000000088600000| Untracked 
|  63|0x0000000088700000, 0x0000000088700000, 0x0000000088800000|  0%| F|  |TAMS 0x0000000088700000, 0x0000000088700000| Untracked 
|  64|0x0000000088800000, 0x0000000088800000, 0x0000000088900000|  0%| F|  |TAMS 0x0000000088800000, 0x0000000088800000| Untracked 
|  65|0x0000000088900000, 0x0000000088900000, 0x0000000088a00000|  0%| F|  |TAMS 0x0000000088900000, 0x0000000088900000| Untracked 
|  66|0x0000000088a00000, 0x0000000088a00000, 0x0000000088b00000|  0%| F|  |TAMS 0x0000000088a00000, 0x0000000088a00000| Untracked 
|  67|0x0000000088b00000, 0x0000000088b00000, 0x0000000088c00000|  0%| F|  |TAMS 0x0000000088b00000, 0x0000000088b00000| Untracked 
|  68|0x0000000088c00000, 0x0000000088c00000, 0x0000000088d00000|  0%| F|  |TAMS 0x0000000088c00000, 0x0000000088c00000| Untracked 
|  69|0x0000000088d00000, 0x0000000088d00000, 0x0000000088e00000|  0%| F|  |TAMS 0x0000000088d00000, 0x0000000088d00000| Untracked 
|  70|0x0000000088e00000, 0x0000000088e00000, 0x0000000088f00000|  0%| F|  |TAMS 0x0000000088e00000, 0x0000000088e00000| Untracked 
|  71|0x0000000088f00000, 0x0000000088f00000, 0x0000000089000000|  0%| F|  |TAMS 0x0000000088f00000, 0x0000000088f00000| Untracked 
|  72|0x0000000089000000, 0x0000000089000000, 0x0000000089100000|  0%| F|  |TAMS 0x0000000089000000, 0x0000000089000000| Untracked 
|  73|0x0000000089100000, 0x0000000089100000, 0x0000000089200000|  0%| F|  |TAMS 0x0000000089100000, 0x0000000089100000| Untracked 
|  74|0x0000000089200000, 0x0000000089200000, 0x0000000089300000|  0%| F|  |TAMS 0x0000000089200000, 0x0000000089200000| Untracked 
|  75|0x0000000089300000, 0x0000000089300000, 0x0000000089400000|  0%| F|  |TAMS 0x0000000089300000, 0x0000000089300000| Untracked 
|  76|0x0000000089400000, 0x0000000089400000, 0x0000000089500000|  0%| F|  |TAMS 0x0000000089400000, 0x0000000089400000| Untracked 
|  77|0x0000000089500000, 0x0000000089500000, 0x0000000089600000|  0%| F|  |TAMS 0x0000000089500000, 0x0000000089500000| Untracked 
|  78|0x0000000089600000, 0x0000000089600000, 0x0000000089700000|  0%| F|  |TAMS 0x0000000089600000, 0x0000000089600000| Untracked 
|  79|0x0000000089700000, 0x0000000089700000, 0x0000000089800000|  0%| F|  |TAMS 0x0000000089700000, 0x0000000089700000| Untracked 
|  80|0x0000000089800000, 0x0000000089800000, 0x0000000089900000|  0%| F|  |TAMS 0x0000000089800000, 0x0000000089800000| Untracked 
|  81|0x0000000089900000, 0x0000000089900000, 0x0000000089a00000|  0%| F|  |TAMS 0x0000000089900000, 0x0000000089900000| Untracked 
|  82|0x0000000089a00000, 0x0000000089a00000, 0x0000000089b00000|  0%| F|  |TAMS 0x0000000089a00000, 0x0000000089a00000| Untracked 
|  83|0x0000000089b00000, 0x0000000089b00000, 0x0000000089c00000|  0%| F|  |TAMS 0x0000000089b00000, 0x0000000089b00000| Untracked 
|  84|0x0000000089c00000, 0x0000000089c00000, 0x0000000089d00000|  0%| F|  |TAMS 0x0000000089c00000, 0x0000000089c00000| Untracked 
|  85|0x0000000089d00000, 0x0000000089d00000, 0x0000000089e00000|  0%| F|  |TAMS 0x0000000089d00000, 0x0000000089d00000| Untracked 
|  86|0x0000000089e00000, 0x0000000089e00000, 0x0000000089f00000|  0%| F|  |TAMS 0x0000000089e00000, 0x0000000089e00000| Untracked 
|  87|0x0000000089f00000, 0x0000000089f00000, 0x000000008a000000|  0%| F|  |TAMS 0x0000000089f00000, 0x0000000089f00000| Untracked 
|  88|0x000000008a000000, 0x000000008a000000, 0x000000008a100000|  0%| F|  |TAMS 0x000000008a000000, 0x000000008a000000| Untracked 
|  89|0x000000008a100000, 0x000000008a100000, 0x000000008a200000|  0%| F|  |TAMS 0x000000008a100000, 0x000000008a100000| Untracked 
|  90|0x000000008a200000, 0x000000008a200000, 0x000000008a300000|  0%| F|  |TAMS 0x000000008a200000, 0x000000008a200000| Untracked 
|  91|0x000000008a300000, 0x000000008a300000, 0x000000008a400000|  0%| F|  |TAMS 0x000000008a300000, 0x000000008a300000| Untracked 
|  92|0x000000008a400000, 0x000000008a400000, 0x000000008a500000|  0%| F|  |TAMS 0x000000008a400000, 0x000000008a400000| Untracked 
|  93|0x000000008a500000, 0x000000008a500000, 0x000000008a600000|  0%| F|  |TAMS 0x000000008a500000, 0x000000008a500000| Untracked 
|  94|0x000000008a600000, 0x000000008a600000, 0x000000008a700000|  0%| F|  |TAMS 0x000000008a600000, 0x000000008a600000| Untracked 
|  95|0x000000008a700000, 0x000000008a700000, 0x000000008a800000|  0%| F|  |TAMS 0x000000008a700000, 0x000000008a700000| Untracked 
|  96|0x000000008a800000, 0x000000008a800000, 0x000000008a900000|  0%| F|  |TAMS 0x000000008a800000, 0x000000008a800000| Untracked 
|  97|0x000000008a900000, 0x000000008a900000, 0x000000008aa00000|  0%| F|  |TAMS 0x000000008a900000, 0x000000008a900000| Untracked 
|  98|0x000000008aa00000, 0x000000008aa00000, 0x000000008ab00000|  0%| F|  |TAMS 0x000000008aa00000, 0x000000008aa00000| Untracked 
|  99|0x000000008ab00000, 0x000000008ab00000, 0x000000008ac00000|  0%| F|  |TAMS 0x000000008ab00000, 0x000000008ab00000| Untracked 
| 100|0x000000008ac00000, 0x000000008ac00000, 0x000000008ad00000|  0%| F|  |TAMS 0x000000008ac00000, 0x000000008ac00000| Untracked 
| 101|0x000000008ad00000, 0x000000008ad00000, 0x000000008ae00000|  0%| F|  |TAMS 0x000000008ad00000, 0x000000008ad00000| Untracked 
| 102|0x000000008ae00000, 0x000000008ae00000, 0x000000008af00000|  0%| F|  |TAMS 0x000000008ae00000, 0x000000008ae00000| Untracked 
| 103|0x000000008af00000, 0x000000008af00000, 0x000000008b000000|  0%| F|  |TAMS 0x000000008af00000, 0x000000008af00000| Untracked 
| 104|0x000000008b000000, 0x000000008b000000, 0x000000008b100000|  0%| F|  |TAMS 0x000000008b000000, 0x000000008b000000| Untracked 
| 105|0x000000008b100000, 0x000000008b100000, 0x000000008b200000|  0%| F|  |TAMS 0x000000008b100000, 0x000000008b100000| Untracked 
| 106|0x000000008b200000, 0x000000008b200000, 0x000000008b300000|  0%| F|  |TAMS 0x000000008b200000, 0x000000008b200000| Untracked 
| 107|0x000000008b300000, 0x000000008b300000, 0x000000008b400000|  0%| F|  |TAMS 0x000000008b300000, 0x000000008b300000| Untracked 
| 108|0x000000008b400000, 0x000000008b400000, 0x000000008b500000|  0%| F|  |TAMS 0x000000008b400000, 0x000000008b400000| Untracked 
| 109|0x000000008b500000, 0x000000008b500000, 0x000000008b600000|  0%| F|  |TAMS 0x000000008b500000, 0x000000008b500000| Untracked 
| 110|0x000000008b600000, 0x000000008b600000, 0x000000008b700000|  0%| F|  |TAMS 0x000000008b600000, 0x000000008b600000| Untracked 
| 111|0x000000008b700000, 0x000000008b700000, 0x000000008b800000|  0%| F|  |TAMS 0x000000008b700000, 0x000000008b700000| Untracked 
| 112|0x000000008b800000, 0x000000008b800000, 0x000000008b900000|  0%| F|  |TAMS 0x000000008b800000, 0x000000008b800000| Untracked 
| 113|0x000000008b900000, 0x000000008b900000, 0x000000008ba00000|  0%| F|  |TAMS 0x000000008b900000, 0x000000008b900000| Untracked 
| 114|0x000000008ba00000, 0x000000008ba00000, 0x000000008bb00000|  0%| F|  |TAMS 0x000000008ba00000, 0x000000008ba00000| Untracked 
| 115|0x000000008bb00000, 0x000000008bb00000, 0x000000008bc00000|  0%| F|  |TAMS 0x000000008bb00000, 0x000000008bb00000| Untracked 
| 116|0x000000008bc00000, 0x000000008bc00000, 0x000000008bd00000|  0%| F|  |TAMS 0x000000008bc00000, 0x000000008bc00000| Untracked 
| 117|0x000000008bd00000, 0x000000008bd00000, 0x000000008be00000|  0%| F|  |TAMS 0x000000008bd00000, 0x000000008bd00000| Untracked 
| 118|0x000000008be00000, 0x000000008be00000, 0x000000008bf00000|  0%| F|  |TAMS 0x000000008be00000, 0x000000008be00000| Untracked 
| 119|0x000000008bf00000, 0x000000008bfe1a98, 0x000000008c000000| 88%| E|  |TAMS 0x000000008bf00000, 0x000000008bf00000| Complete 
| 120|0x000000008c000000, 0x000000008c100000, 0x000000008c100000|100%| E|CS|TAMS 0x000000008c000000, 0x000000008c000000| Complete 
| 121|0x000000008c100000, 0x000000008c200000, 0x000000008c200000|100%| E|CS|TAMS 0x000000008c100000, 0x000000008c100000| Complete 
| 122|0x000000008c200000, 0x000000008c300000, 0x000000008c300000|100%| E|CS|TAMS 0x000000008c200000, 0x000000008c200000| Complete 
| 123|0x000000008c300000, 0x000000008c400000, 0x000000008c400000|100%| E|CS|TAMS 0x000000008c300000, 0x000000008c300000| Complete 

Card table byte_map: [0x00007f11d10ad000,0x00007f11d1489000] _byte_map_base: 0x00007f11d0c89000

Marking Bits (Prev, Next): (CMBitMap*) 0x00007f11cc052628, (CMBitMap*) 0x00007f11cc052660
 Prev Bits: [0x00007f11ae120000, 0x00007f11b0000000)
 Next Bits: [0x00007f11ac240000, 0x00007f11ae120000)

Polling page: 0x00007f11d61d5000

Metaspace:

Usage:
  Non-class:      8.40 MB capacity,     8.27 MB ( 98%) used,   123.05 KB (  1%) free+waste,     8.25 KB ( <1%) overhead. 
      Class:    878.00 KB capacity,   831.42 KB ( 95%) used,    43.27 KB (  5%) free+waste,     3.31 KB ( <1%) overhead. 
       Both:      9.25 MB capacity,     9.08 MB ( 98%) used,   166.31 KB (  2%) free+waste,    11.56 KB ( <1%) overhead. 

Virtual space:
  Non-class space:       10.00 MB reserved,       8.50 MB ( 85%) committed 
      Class space:        1.00 GB reserved,     896.00 KB ( <1%) committed 
             Both:        1.01 GB reserved,       9.38 MB ( <1%) committed 

Chunk freelists:
   Non-Class:  62.00 KB
       Class:  18.00 KB
        Both:  80.00 KB

CodeHeap 'non-profiled nmethods': size=120032Kb used=121Kb max_used=121Kb free=119910Kb
 bounds [0x00007f11bc41e000, 0x00007f11bc68e000, 0x00007f11c3956000]
CodeHeap 'profiled nmethods': size=120032Kb used=545Kb max_used=545Kb free=119486Kb
 bounds [0x00007f11b4ee6000, 0x00007f11b5156000, 0x00007f11bc41e000]
CodeHeap 'non-nmethods': size=5696Kb used=1119Kb max_used=1133Kb free=4576Kb
 bounds [0x00007f11b4956000, 0x00007f11b4bc6000, 0x00007f11b4ee6000]
 total_blobs=847 nmethods=385 adapters=280
 compilation: enabled
              stopped_count=0, restarted_count=0
 full_count=0

Compilation events (10 events):
Event: 461.469 Thread 0x00007f11cc1c0800  381       3       org.eclipse.jdt.launching.internal.org.objectweb.asm.SymbolTable::addConstantUtf8 (98 bytes)
Event: 461.470 Thread 0x00007f11cc1c0800 nmethod 381 0x00007f11b4f6a710 code [0x00007f11b4f6a960, 0x00007f11b4f6b058]
Event: 485.798 Thread 0x00007f11cc1c0800  382       3       org.eclipse.jdt.launching.internal.org.objectweb.asm.ClassReader::readUtf (161 bytes)
Event: 485.799 Thread 0x00007f11cc1c0800 nmethod 382 0x00007f11b4f6b410 code [0x00007f11b4f6b620, 0x00007f11b4f6bc58]
Event: 485.799 Thread 0x00007f11cc1c0800  383       3       org.eclipse.jdt.launching.internal.org.objectweb.asm.SymbolTable::put (150 bytes)
Event: 485.799 Thread 0x00007f11cc1c0800 nmethod 383 0x00007f11b4f6c010 code [0x00007f11b4f6c220, 0x00007f11b4f6cad0]
Event: 485.799 Thread 0x00007f11cc1c0800  385       3       org.eclipse.jdt.launching.internal.org.objectweb.asm.ByteVector::putUTF8 (144 bytes)
Event: 485.801 Thread 0x00007f11cc1c0800 nmethod 385 0x00007f11b4f6ce10 code [0x00007f11b4f6d0a0, 0x00007f11b4f6dc08]
Event: 485.801 Thread 0x00007f11cc1c0800  384       3       java.lang.StringUTF16::compress (20 bytes)
Event: 485.801 Thread 0x00007f11cc1c0800 nmethod 384 0x00007f11b4f6e190 code [0x00007f11b4f6e360, 0x00007f11b4f6e5e8]

GC Heap History (0 events):
No events

Deoptimization events (10 events):
Event: 0.345 Thread 0x00007f11cc013800 DEOPT PACKING pc=0x00007f11b4f562ff sp=0x00007f11d61bbec0
Event: 0.345 Thread 0x00007f11cc013800 DEOPT UNPACKING pc=0x00007f11b498ed3a sp=0x00007f11d61bb3a8 mode 0
Event: 0.346 Thread 0x00007f11cc013800 DEOPT PACKING pc=0x00007f11b4f562ff sp=0x00007f11d61bbd90
Event: 0.346 Thread 0x00007f11cc013800 DEOPT UNPACKING pc=0x00007f11b498ed3a sp=0x00007f11d61bb278 mode 0
Event: 0.347 Thread 0x00007f11cc013800 DEOPT PACKING pc=0x00007f11b4f562ff sp=0x00007f11d61ba860
Event: 0.347 Thread 0x00007f11cc013800 DEOPT UNPACKING pc=0x00007f11b498ed3a sp=0x00007f11d61b9d48 mode 0
Event: 0.347 Thread 0x00007f11cc013800 DEOPT PACKING pc=0x00007f11b4f562ff sp=0x00007f11d61ba860
Event: 0.347 Thread 0x00007f11cc013800 DEOPT UNPACKING pc=0x00007f11b498ed3a sp=0x00007f11d61b9d48 mode 0
Event: 0.347 Thread 0x00007f11cc013800 DEOPT PACKING pc=0x00007f11b4f562ff sp=0x00007f11d61ba860
Event: 0.347 Thread 0x00007f11cc013800 DEOPT UNPACKING pc=0x00007f11b498ed3a sp=0x00007f11d61b9d48 mode 0

Classes redefined (6 events):
Event: 272.720 Thread 0x00007f11cc19d800 redefined class name=com.bridgelabz.functional.Test, count=1
Event: 306.697 Thread 0x00007f11cc19d800 redefined class name=com.bridgelabz.functional.Test, count=2
Event: 446.867 Thread 0x00007f11cc19d800 redefined class name=com.bridgelabz.functional.Test, count=3
Event: 461.471 Thread 0x00007f11cc19d800 redefined class name=com.bridgelabz.functional.Test, count=4
Event: 464.991 Thread 0x00007f11cc19d800 redefined class name=com.bridgelabz.functional.Test, count=5
Event: 485.800 Thread 0x00007f11cc19d800 redefined class name=com.bridgelabz.functional.Test, count=6

Internal exceptions (2 events):
Event: 0.088 Thread 0x00007f11cc013800 Exception <a 'java/lang/NoSuchMethodError'{0x000000008c212990}: 'int java.lang.invoke.DirectMethodHandle$Holder.invokeSpecial(java.lang.Object, java.lang.Object, java.lang.Object, java.lang.Object)'> (0x000000008c212990) thrown at [/build/openjdk-lts-7bqZ
Event: 0.093 Thread 0x00007f11cc013800 Exception <a 'java/lang/NoSuchMethodError'{0x000000008c224488}: 'void java.lang.invoke.DirectMethodHandle$Holder.invokeVirtual(java.lang.Object, java.lang.Object)'> (0x000000008c224488) thrown at [/build/openjdk-lts-7bqZff/openjdk-lts-11.0.4+11/src/hotspo

Events (10 events):
Event: 485.830 Executing VM operation: GetFrameCount done
Event: 485.830 Executing VM operation: GetStackTrace
Event: 485.830 Executing VM operation: GetStackTrace done
Event: 485.833 Executing VM operation: GetFrameCount
Event: 485.833 Executing VM operation: GetFrameCount done
Event: 485.834 Executing VM operation: GetOwnedMonitorInfo
Event: 485.834 Executing VM operation: GetOwnedMonitorInfo done
Event: 485.834 Executing VM operation: GetCurrentContendedMonitor
Event: 485.834 Executing VM operation: GetCurrentContendedMonitor done
Event: 491.072 Executing VM operation: GetOrSetLocal


Dynamic libraries:
84800000-8c400000 rw-p 00000000 00:00 0 
8c400000-100000000 ---p 00000000 00:00 0 
100000000-1000e0000 rw-p 00000000 00:00 0 
1000e0000-140000000 ---p 00000000 00:00 0 
56347bd31000-56347bd32000 r-xp 00000000 08:02 6424691                    /usr/lib/jvm/java-11-openjdk-amd64/bin/java
56347bf32000-56347bf33000 r--p 00001000 08:02 6424691                    /usr/lib/jvm/java-11-openjdk-amd64/bin/java
56347bf33000-56347bf34000 rw-p 00002000 08:02 6424691                    /usr/lib/jvm/java-11-openjdk-amd64/bin/java
56347cc34000-56347cc55000 rw-p 00000000 00:00 0                          [heap]
7f115c000000-7f115c021000 rw-p 00000000 00:00 0 
7f115c021000-7f1160000000 ---p 00000000 00:00 0 
7f1164000000-7f1164123000 rw-p 00000000 00:00 0 
7f1164123000-7f1168000000 ---p 00000000 00:00 0 
7f1168000000-7f1168021000 rw-p 00000000 00:00 0 
7f1168021000-7f116c000000 ---p 00000000 00:00 0 
7f116c000000-7f116c021000 rw-p 00000000 00:00 0 
7f116c021000-7f1170000000 ---p 00000000 00:00 0 
7f1170000000-7f1170021000 rw-p 00000000 00:00 0 
7f1170021000-7f1174000000 ---p 00000000 00:00 0 
7f1174000000-7f1174021000 rw-p 00000000 00:00 0 
7f1174021000-7f1178000000 ---p 00000000 00:00 0 
7f1178000000-7f1178021000 rw-p 00000000 00:00 0 
7f1178021000-7f117c000000 ---p 00000000 00:00 0 
7f117c000000-7f117c183000 rw-p 00000000 00:00 0 
7f117c183000-7f1180000000 ---p 00000000 00:00 0 
7f1180000000-7f1180021000 rw-p 00000000 00:00 0 
7f1180021000-7f1184000000 ---p 00000000 00:00 0 
7f1184000000-7f1184021000 rw-p 00000000 00:00 0 
7f1184021000-7f1188000000 ---p 00000000 00:00 0 
7f1188000000-7f11883c6000 rw-p 00000000 00:00 0 
7f11883c6000-7f118c000000 ---p 00000000 00:00 0 
7f118c000000-7f118c021000 rw-p 00000000 00:00 0 
7f118c021000-7f1190000000 ---p 00000000 00:00 0 
7f1190000000-7f1190021000 rw-p 00000000 00:00 0 
7f1190021000-7f1194000000 ---p 00000000 00:00 0 
7f1194000000-7f1194021000 rw-p 00000000 00:00 0 
7f1194021000-7f1198000000 ---p 00000000 00:00 0 
7f1198000000-7f1198021000 rw-p 00000000 00:00 0 
7f1198021000-7f119c000000 ---p 00000000 00:00 0 
7f119c000000-7f119c021000 rw-p 00000000 00:00 0 
7f119c021000-7f11a0000000 ---p 00000000 00:00 0 
7f11a0000000-7f11a0021000 rw-p 00000000 00:00 0 
7f11a0021000-7f11a4000000 ---p 00000000 00:00 0 
7f11a46fb000-7f11a477b000 rw-p 00000000 00:00 0 
7f11a477b000-7f11a48fb000 ---p 00000000 00:00 0 
7f11a48fb000-7f11a48fc000 ---p 00000000 00:00 0 
7f11a48fc000-7f11a49fd000 rw-p 00000000 00:00 0 
7f11a49fd000-7f11a4a01000 ---p 00000000 00:00 0 
7f11a4a01000-7f11a4afe000 rw-p 00000000 00:00 0 
7f11a4afe000-7f11a4b02000 ---p 00000000 00:00 0 
7f11a4b02000-7f11a4bff000 rw-p 00000000 00:00 0 
7f11a4bff000-7f11a4c03000 ---p 00000000 00:00 0 
7f11a4c03000-7f11a4d00000 rw-p 00000000 00:00 0 
7f11a4d00000-7f11a4d04000 ---p 00000000 00:00 0 
7f11a4d04000-7f11a4e01000 rw-p 00000000 00:00 0 
7f11a4e01000-7f11a4e05000 ---p 00000000 00:00 0 
7f11a4e05000-7f11a4f02000 rw-p 00000000 00:00 0 
7f11a4f02000-7f11a4f06000 r-xp 00000000 08:02 6431042                    /usr/lib/jvm/java-11-openjdk-amd64/lib/libdt_socket.so
7f11a4f06000-7f11a5106000 ---p 00004000 08:02 6431042                    /usr/lib/jvm/java-11-openjdk-amd64/lib/libdt_socket.so
7f11a5106000-7f11a5107000 r--p 00004000 08:02 6431042                    /usr/lib/jvm/java-11-openjdk-amd64/lib/libdt_socket.so
7f11a5107000-7f11a5108000 rw-p 00005000 08:02 6431042                    /usr/lib/jvm/java-11-openjdk-amd64/lib/libdt_socket.so
7f11a5108000-7f11a510c000 ---p 00000000 00:00 0 
7f11a510c000-7f11a5209000 rw-p 00000000 00:00 0 
7f11a5209000-7f11a521f000 r-xp 00000000 08:02 6432291                    /usr/lib/jvm/java-11-openjdk-amd64/lib/libnet.so
7f11a521f000-7f11a541e000 ---p 00016000 08:02 6432291                    /usr/lib/jvm/java-11-openjdk-amd64/lib/libnet.so
7f11a541e000-7f11a541f000 r--p 00015000 08:02 6432291                    /usr/lib/jvm/java-11-openjdk-amd64/lib/libnet.so
7f11a541f000-7f11a5420000 rw-p 00016000 08:02 6432291                    /usr/lib/jvm/java-11-openjdk-amd64/lib/libnet.so
7f11a5420000-7f11a5430000 r-xp 00000000 08:02 6432292                    /usr/lib/jvm/java-11-openjdk-amd64/lib/libnio.so
7f11a5430000-7f11a562f000 ---p 00010000 08:02 6432292                    /usr/lib/jvm/java-11-openjdk-amd64/lib/libnio.so
7f11a562f000-7f11a5630000 r--p 0000f000 08:02 6432292                    /usr/lib/jvm/java-11-openjdk-amd64/lib/libnio.so
7f11a5630000-7f11a5631000 rw-p 00010000 08:02 6432292                    /usr/lib/jvm/java-11-openjdk-amd64/lib/libnio.so
7f11a5631000-7f11a6000000 r--p 00000000 08:02 6429301                    /usr/lib/locale/locale-archive
7f11a6000000-7f11a8000000 rw-p 00000000 00:00 0 
7f11a8000000-7f11a8021000 rw-p 00000000 00:00 0 
7f11a8021000-7f11ac000000 ---p 00000000 00:00 0 
7f11ac03e000-7f11ac042000 ---p 00000000 00:00 0 
7f11ac042000-7f11ac13f000 rw-p 00000000 00:00 0 
7f11ac13f000-7f11ac143000 ---p 00000000 00:00 0 
7f11ac143000-7f11ac430000 rw-p 00000000 00:00 0 
7f11ac430000-7f11ae120000 ---p 00000000 00:00 0 
7f11ae120000-7f11ae310000 rw-p 00000000 00:00 0 
7f11ae310000-7f11b0000000 ---p 00000000 00:00 0 
7f11b0000000-7f11b0021000 rw-p 00000000 00:00 0 
7f11b0021000-7f11b4000000 ---p 00000000 00:00 0 
7f11b4055000-7f11b4059000 ---p 00000000 00:00 0 
7f11b4059000-7f11b4956000 rw-p 00000000 00:00 0 
7f11b4956000-7f11b4bc6000 rwxp 00000000 00:00 0 
7f11b4bc6000-7f11b4ee6000 ---p 00000000 00:00 0 
7f11b4ee6000-7f11b5156000 rwxp 00000000 00:00 0 
7f11b5156000-7f11bc41e000 ---p 00000000 00:00 0 
7f11bc41e000-7f11bc68e000 rwxp 00000000 00:00 0 
7f11bc68e000-7f11c3956000 ---p 00000000 00:00 0 
7f11c3956000-7f11cc000000 r--s 00000000 08:02 6432301                    /usr/lib/jvm/java-11-openjdk-amd64/lib/modules
7f11cc000000-7f11cc487000 rw-p 00000000 00:00 0 
7f11cc487000-7f11d0000000 ---p 00000000 00:00 0 
7f11d003f000-7f11d0043000 ---p 00000000 00:00 0 
7f11d0043000-7f11d0140000 rw-p 00000000 00:00 0 
7f11d0140000-7f11d0144000 ---p 00000000 00:00 0 
7f11d0144000-7f11d0241000 rw-p 00000000 00:00 0 
7f11d0241000-7f11d0245000 ---p 00000000 00:00 0 
7f11d0245000-7f11d0342000 rw-p 00000000 00:00 0 
7f11d0342000-7f11d0343000 ---p 00000000 00:00 0 
7f11d0343000-7f11d04c5000 rw-p 00000000 00:00 0 
7f11d04c5000-7f11d04c6000 ---p 00000000 00:00 0 
7f11d04c6000-7f11d05c7000 rw-p 00000000 00:00 0 
7f11d05c7000-7f11d05c8000 ---p 00000000 00:00 0 
7f11d05c8000-7f11d0acd000 rw-p 00000000 00:00 0 
7f11d0acd000-7f11d0ace000 ---p 00000000 00:00 0 
7f11d0ace000-7f11d0bcf000 rw-p 00000000 00:00 0 
7f11d0bcf000-7f11d0bd0000 ---p 00000000 00:00 0 
7f11d0bd0000-7f11d0d0f000 rw-p 00000000 00:00 0 
7f11d0d0f000-7f11d10ad000 ---p 00000000 00:00 0 
7f11d10ad000-7f11d10eb000 rw-p 00000000 00:00 0 
7f11d10eb000-7f11d1489000 ---p 00000000 00:00 0 
7f11d1489000-7f11d14c7000 rw-p 00000000 00:00 0 
7f11d14c7000-7f11d1865000 ---p 00000000 00:00 0 
7f11d1865000-7f11d1c69000 rw-p 00000000 00:00 0 
7f11d1c69000-7f11d1c6a000 ---p 00000000 00:00 0 
7f11d1c6a000-7f11d1d70000 rw-p 00000000 00:00 0 
7f11d1d70000-7f11d1e56000 ---p 00000000 00:00 0 
7f11d1e56000-7f11d1e5b000 rw-p 00000000 00:00 0 
7f11d1e5b000-7f11d1f41000 ---p 00000000 00:00 0 
7f11d1f41000-7f11d1f46000 r-xp 00000000 08:02 6432283                    /usr/lib/jvm/java-11-openjdk-amd64/lib/libjimage.so
7f11d1f46000-7f11d2145000 ---p 00005000 08:02 6432283                    /usr/lib/jvm/java-11-openjdk-amd64/lib/libjimage.so
7f11d2145000-7f11d2146000 r--p 00004000 08:02 6432283                    /usr/lib/jvm/java-11-openjdk-amd64/lib/libjimage.so
7f11d2146000-7f11d2147000 rw-p 00005000 08:02 6432283                    /usr/lib/jvm/java-11-openjdk-amd64/lib/libjimage.so
7f11d2147000-7f11d214e000 r-xp 00000000 08:02 6432300                    /usr/lib/jvm/java-11-openjdk-amd64/lib/libzip.so
7f11d214e000-7f11d234d000 ---p 00007000 08:02 6432300                    /usr/lib/jvm/java-11-openjdk-amd64/lib/libzip.so
7f11d234d000-7f11d234e000 r--p 00006000 08:02 6432300                    /usr/lib/jvm/java-11-openjdk-amd64/lib/libzip.so
7f11d234e000-7f11d234f000 rw-p 00007000 08:02 6432300                    /usr/lib/jvm/java-11-openjdk-amd64/lib/libzip.so
7f11d234f000-7f11d235a000 r-xp 00000000 08:02 2102062                    /lib/x86_64-linux-gnu/libnss_files-2.27.so
7f11d235a000-7f11d2559000 ---p 0000b000 08:02 2102062                    /lib/x86_64-linux-gnu/libnss_files-2.27.so
7f11d2559000-7f11d255a000 r--p 0000a000 08:02 2102062                    /lib/x86_64-linux-gnu/libnss_files-2.27.so
7f11d255a000-7f11d255b000 rw-p 0000b000 08:02 2102062                    /lib/x86_64-linux-gnu/libnss_files-2.27.so
7f11d255b000-7f11d2561000 rw-p 00000000 00:00 0 
7f11d2561000-7f11d2578000 r-xp 00000000 08:02 2102056                    /lib/x86_64-linux-gnu/libnsl-2.27.so
7f11d2578000-7f11d2777000 ---p 00017000 08:02 2102056                    /lib/x86_64-linux-gnu/libnsl-2.27.so
7f11d2777000-7f11d2778000 r--p 00016000 08:02 2102056                    /lib/x86_64-linux-gnu/libnsl-2.27.so
7f11d2778000-7f11d2779000 rw-p 00017000 08:02 2102056                    /lib/x86_64-linux-gnu/libnsl-2.27.so
7f11d2779000-7f11d277b000 rw-p 00000000 00:00 0 
7f11d277b000-7f11d2786000 r-xp 00000000 08:02 2102073                    /lib/x86_64-linux-gnu/libnss_nis-2.27.so
7f11d2786000-7f11d2985000 ---p 0000b000 08:02 2102073                    /lib/x86_64-linux-gnu/libnss_nis-2.27.so
7f11d2985000-7f11d2986000 r--p 0000a000 08:02 2102073                    /lib/x86_64-linux-gnu/libnss_nis-2.27.so
7f11d2986000-7f11d2987000 rw-p 0000b000 08:02 2102073                    /lib/x86_64-linux-gnu/libnss_nis-2.27.so
7f11d2987000-7f11d298f000 r-xp 00000000 08:02 2102058                    /lib/x86_64-linux-gnu/libnss_compat-2.27.so
7f11d298f000-7f11d2b8f000 ---p 00008000 08:02 2102058                    /lib/x86_64-linux-gnu/libnss_compat-2.27.so
7f11d2b8f000-7f11d2b90000 r--p 00008000 08:02 2102058                    /lib/x86_64-linux-gnu/libnss_compat-2.27.so
7f11d2b90000-7f11d2b91000 rw-p 00009000 08:02 2102058                    /lib/x86_64-linux-gnu/libnss_compat-2.27.so
7f11d2b91000-7f11d2b9b000 r-xp 00000000 08:02 6431047                    /usr/lib/jvm/java-11-openjdk-amd64/lib/libinstrument.so
7f11d2b9b000-7f11d2d9a000 ---p 0000a000 08:02 6431047                    /usr/lib/jvm/java-11-openjdk-amd64/lib/libinstrument.so
7f11d2d9a000-7f11d2d9b000 r--p 00009000 08:02 6431047                    /usr/lib/jvm/java-11-openjdk-amd64/lib/libinstrument.so
7f11d2d9b000-7f11d2d9c000 rw-p 0000a000 08:02 6431047                    /usr/lib/jvm/java-11-openjdk-amd64/lib/libinstrument.so
7f11d2d9c000-7f11d2dd7000 r-xp 00000000 08:02 6432282                    /usr/lib/jvm/java-11-openjdk-amd64/lib/libjdwp.so
7f11d2dd7000-7f11d2fd6000 ---p 0003b000 08:02 6432282                    /usr/lib/jvm/java-11-openjdk-amd64/lib/libjdwp.so
7f11d2fd6000-7f11d2fd7000 r--p 0003a000 08:02 6432282                    /usr/lib/jvm/java-11-openjdk-amd64/lib/libjdwp.so
7f11d2fd7000-7f11d2fd8000 rw-p 0003b000 08:02 6432282                    /usr/lib/jvm/java-11-openjdk-amd64/lib/libjdwp.so
7f11d2fd8000-7f11d3001000 r-xp 00000000 08:02 6432279                    /usr/lib/jvm/java-11-openjdk-amd64/lib/libjava.so
7f11d3001000-7f11d3200000 ---p 00029000 08:02 6432279                    /usr/lib/jvm/java-11-openjdk-amd64/lib/libjava.so
7f11d3200000-7f11d3201000 r--p 00028000 08:02 6432279                    /usr/lib/jvm/java-11-openjdk-amd64/lib/libjava.so
7f11d3201000-7f11d3203000 rw-p 00029000 08:02 6432279                    /usr/lib/jvm/java-11-openjdk-amd64/lib/libjava.so
7f11d3203000-7f11d3210000 r-xp 00000000 08:02 6432299                    /usr/lib/jvm/java-11-openjdk-amd64/lib/libverify.so
7f11d3210000-7f11d340f000 ---p 0000d000 08:02 6432299                    /usr/lib/jvm/java-11-openjdk-amd64/lib/libverify.so
7f11d340f000-7f11d3411000 r--p 0000c000 08:02 6432299                    /usr/lib/jvm/java-11-openjdk-amd64/lib/libverify.so
7f11d3411000-7f11d3412000 rw-p 0000e000 08:02 6432299                    /usr/lib/jvm/java-11-openjdk-amd64/lib/libverify.so
7f11d3412000-7f11d3419000 r-xp 00000000 08:02 2102113                    /lib/x86_64-linux-gnu/librt-2.27.so
7f11d3419000-7f11d3618000 ---p 00007000 08:02 2102113                    /lib/x86_64-linux-gnu/librt-2.27.so
7f11d3618000-7f11d3619000 r--p 00006000 08:02 2102113                    /lib/x86_64-linux-gnu/librt-2.27.so
7f11d3619000-7f11d361a000 rw-p 00007000 08:02 2102113                    /lib/x86_64-linux-gnu/librt-2.27.so
7f11d361a000-7f11d3631000 r-xp 00000000 08:02 2097175                    /lib/x86_64-linux-gnu/libgcc_s.so.1
7f11d3631000-7f11d3830000 ---p 00017000 08:02 2097175                    /lib/x86_64-linux-gnu/libgcc_s.so.1
7f11d3830000-7f11d3831000 r--p 00016000 08:02 2097175                    /lib/x86_64-linux-gnu/libgcc_s.so.1
7f11d3831000-7f11d3832000 rw-p 00017000 08:02 2097175                    /lib/x86_64-linux-gnu/libgcc_s.so.1
7f11d3832000-7f11d39cf000 r-xp 00000000 08:02 2102035                    /lib/x86_64-linux-gnu/libm-2.27.so
7f11d39cf000-7f11d3bce000 ---p 0019d000 08:02 2102035                    /lib/x86_64-linux-gnu/libm-2.27.so
7f11d3bce000-7f11d3bcf000 r--p 0019c000 08:02 2102035                    /lib/x86_64-linux-gnu/libm-2.27.so
7f11d3bcf000-7f11d3bd0000 rw-p 0019d000 08:02 2102035                    /lib/x86_64-linux-gnu/libm-2.27.so
7f11d3bd0000-7f11d3d49000 r-xp 00000000 08:02 6429294                    /usr/lib/x86_64-linux-gnu/libstdc++.so.6.0.25
7f11d3d49000-7f11d3f49000 ---p 00179000 08:02 6429294                    /usr/lib/x86_64-linux-gnu/libstdc++.so.6.0.25
7f11d3f49000-7f11d3f53000 r--p 00179000 08:02 6429294                    /usr/lib/x86_64-linux-gnu/libstdc++.so.6.0.25
7f11d3f53000-7f11d3f55000 rw-p 00183000 08:02 6429294                    /usr/lib/x86_64-linux-gnu/libstdc++.so.6.0.25
7f11d3f55000-7f11d3f59000 rw-p 00000000 00:00 0 
7f11d3f59000-7f11d5025000 r-xp 00000000 08:02 6432304                    /usr/lib/jvm/java-11-openjdk-amd64/lib/server/libjvm.so
7f11d5025000-7f11d5224000 ---p 010cc000 08:02 6432304                    /usr/lib/jvm/java-11-openjdk-amd64/lib/server/libjvm.so
7f11d5224000-7f11d52e1000 r--p 010cb000 08:02 6432304                    /usr/lib/jvm/java-11-openjdk-amd64/lib/server/libjvm.so
7f11d52e1000-7f11d531a000 rw-p 01188000 08:02 6432304                    /usr/lib/jvm/java-11-openjdk-amd64/lib/server/libjvm.so
7f11d531a000-7f11d5370000 rw-p 00000000 00:00 0 
7f11d5370000-7f11d538a000 r-xp 00000000 08:02 2102105                    /lib/x86_64-linux-gnu/libpthread-2.27.so
7f11d538a000-7f11d5589000 ---p 0001a000 08:02 2102105                    /lib/x86_64-linux-gnu/libpthread-2.27.so
7f11d5589000-7f11d558a000 r--p 00019000 08:02 2102105                    /lib/x86_64-linux-gnu/libpthread-2.27.so
7f11d558a000-7f11d558b000 rw-p 0001a000 08:02 2102105                    /lib/x86_64-linux-gnu/libpthread-2.27.so
7f11d558b000-7f11d558f000 rw-p 00000000 00:00 0 
7f11d558f000-7f11d5592000 r-xp 00000000 08:02 2101995                    /lib/x86_64-linux-gnu/libdl-2.27.so
7f11d5592000-7f11d5791000 ---p 00003000 08:02 2101995                    /lib/x86_64-linux-gnu/libdl-2.27.so
7f11d5791000-7f11d5792000 r--p 00002000 08:02 2101995                    /lib/x86_64-linux-gnu/libdl-2.27.so
7f11d5792000-7f11d5793000 rw-p 00003000 08:02 2101995                    /lib/x86_64-linux-gnu/libdl-2.27.so
7f11d5793000-7f11d57af000 r-xp 00000000 08:02 2102144                    /lib/x86_64-linux-gnu/libz.so.1.2.11
7f11d57af000-7f11d59ae000 ---p 0001c000 08:02 2102144                    /lib/x86_64-linux-gnu/libz.so.1.2.11
7f11d59ae000-7f11d59af000 r--p 0001b000 08:02 2102144                    /lib/x86_64-linux-gnu/libz.so.1.2.11
7f11d59af000-7f11d59b0000 rw-p 0001c000 08:02 2102144                    /lib/x86_64-linux-gnu/libz.so.1.2.11
7f11d59b0000-7f11d5b97000 r-xp 00000000 08:02 2101972                    /lib/x86_64-linux-gnu/libc-2.27.so
7f11d5b97000-7f11d5d97000 ---p 001e7000 08:02 2101972                    /lib/x86_64-linux-gnu/libc-2.27.so
7f11d5d97000-7f11d5d9b000 r--p 001e7000 08:02 2101972                    /lib/x86_64-linux-gnu/libc-2.27.so
7f11d5d9b000-7f11d5d9d000 rw-p 001eb000 08:02 2101972                    /lib/x86_64-linux-gnu/libc-2.27.so
7f11d5d9d000-7f11d5da1000 rw-p 00000000 00:00 0 
7f11d5da1000-7f11d5db1000 r-xp 00000000 08:02 6426978                    /usr/lib/jvm/java-11-openjdk-amd64/lib/jli/libjli.so
7f11d5db1000-7f11d5fb0000 ---p 00010000 08:02 6426978                    /usr/lib/jvm/java-11-openjdk-amd64/lib/jli/libjli.so
7f11d5fb0000-7f11d5fb1000 r--p 0000f000 08:02 6426978                    /usr/lib/jvm/java-11-openjdk-amd64/lib/jli/libjli.so
7f11d5fb1000-7f11d5fb2000 rw-p 00010000 08:02 6426978                    /usr/lib/jvm/java-11-openjdk-amd64/lib/jli/libjli.so
7f11d5fb2000-7f11d5fd9000 r-xp 00000000 08:02 2101944                    /lib/x86_64-linux-gnu/ld-2.27.so
7f11d6016000-7f11d60b8000 rw-p 00000000 00:00 0 
7f11d60b8000-7f11d60bf000 ---p 00000000 00:00 0 
7f11d60bf000-7f11d60c3000 ---p 00000000 00:00 0 
7f11d60c3000-7f11d61c2000 rw-p 00000000 00:00 0 
7f11d61c4000-7f11d61cb000 r--s 00000000 08:02 6687706                    /usr/lib/x86_64-linux-gnu/gconv/gconv-modules.cache
7f11d61cb000-7f11d61cd000 r--s 00007000 08:02 6826053                    /usr/share/java/java-atk-wrapper.jar
7f11d61cd000-7f11d61d5000 rw-s 00000000 08:02 526439                     /tmp/hsperfdata_bridgeit/19085
7f11d61d5000-7f11d61d6000 ---p 00000000 00:00 0 
7f11d61d6000-7f11d61d7000 r--p 00000000 00:00 0 
7f11d61d7000-7f11d61d9000 rw-p 00000000 00:00 0 
7f11d61d9000-7f11d61da000 r--p 00027000 08:02 2101944                    /lib/x86_64-linux-gnu/ld-2.27.so
7f11d61da000-7f11d61db000 rw-p 00028000 08:02 2101944                    /lib/x86_64-linux-gnu/ld-2.27.so
7f11d61db000-7f11d61dc000 rw-p 00000000 00:00 0 
7fff9a193000-7fff9a1b4000 rw-p 00000000 00:00 0                          [stack]
7fff9a1c5000-7fff9a1c8000 r--p 00000000 00:00 0                          [vvar]
7fff9a1c8000-7fff9a1c9000 r-xp 00000000 00:00 0                          [vdso]
ffffffffff600000-ffffffffff601000 r-xp 00000000 00:00 0                  [vsyscall]


VM Arguments:
jvm_args: -agentlib:jdwp=transport=dt_socket,suspend=y,address=localhost:33041 -javaagent:/home/bridgeit/eclipse/jee-2019-0614/eclipse/configuration/org.eclipse.osgi/405/0/.cp/lib/javaagent-shaded.jar -Dfile.encoding=UTF-8 --module-path=/home/bridgeit/eclipse-workspace/TestProgram/bin -Djdk.module.main=TestProgram 
java_command: TestProgram/com.bridgelabz.functional.Test
java_class_path (initial): <not set>
Launcher Type: SUN_STANDARD

[Global flags]
     intx CICompilerCount                          = 3                                         {product} {ergonomic}
     uint ConcGCThreads                            = 1                                         {product} {ergonomic}
     uint G1ConcRefinementThreads                  = 4                                         {product} {ergonomic}
   size_t G1HeapRegionSize                         = 1048576                                   {product} {ergonomic}
    uintx GCDrainStackTargetSize                   = 64                                        {product} {ergonomic}
   size_t InitialHeapSize                          = 130023424                                 {product} {ergonomic}
   size_t MarkStackSize                            = 4194304                                   {product} {ergonomic}
   size_t MaxHeapSize                              = 2071986176                                {product} {ergonomic}
   size_t MaxNewSize                               = 1242562560                                {product} {ergonomic}
   size_t MinHeapDeltaBytes                        = 1048576                                   {product} {ergonomic}
    uintx NonNMethodCodeHeapSize                   = 5830092                                {pd product} {ergonomic}
    uintx NonProfiledCodeHeapSize                  = 122914074                              {pd product} {ergonomic}
    uintx ProfiledCodeHeapSize                     = 122914074                              {pd product} {ergonomic}
    uintx ReservedCodeCacheSize                    = 251658240                              {pd product} {ergonomic}
     bool SegmentedCodeCache                       = true                                      {product} {ergonomic}
     bool UseCompressedClassPointers               = true                                 {lp64_product} {ergonomic}
     bool UseCompressedOops                        = true                                 {lp64_product} {ergonomic}
     bool UseG1GC                                  = true                                      {product} {ergonomic}

Logging:
Log output configuration:
 #0: stdout all=warning uptime,level,tags
 #1: stderr all=off uptime,level,tags

Environment Variables:
PATH=/home/bridgeit/.local/bin:/usr/local/sbin:/usr/local/bin:/usr/sbin:/usr/bin:/sbin:/bin:/usr/games:/usr/local/games:/snap/bin
USERNAME=bridgeit
SHELL=/bin/bash
DISPLAY=:0

Signal Handlers:
SIGSEGV: [libjvm.so+0xde5f50], sa_mask[0]=11111111011111111101111111111110, sa_flags=SA_RESTART|SA_SIGINFO
SIGBUS: [libjvm.so+0xde5f50], sa_mask[0]=11111111011111111101111111111110, sa_flags=SA_RESTART|SA_SIGINFO
SIGFPE: [libjvm.so+0xde5f50], sa_mask[0]=11111111011111111101111111111110, sa_flags=SA_RESTART|SA_SIGINFO
SIGPIPE: [libjvm.so+0xbba5b0], sa_mask[0]=11111111011111111101111111111110, sa_flags=SA_RESTART|SA_SIGINFO
SIGXFSZ: [libjvm.so+0xbba5b0], sa_mask[0]=11111111011111111101111111111110, sa_flags=SA_RESTART|SA_SIGINFO
SIGILL: [libjvm.so+0xde5f50], sa_mask[0]=11111111011111111101111111111110, sa_flags=SA_RESTART|SA_SIGINFO
SIGUSR2: [libjvm.so+0xbba450], sa_mask[0]=00100000000000000000000000000000, sa_flags=SA_RESTART|SA_SIGINFO
SIGHUP: [libjvm.so+0xbba7b0], sa_mask[0]=11111111011111111101111111111110, sa_flags=SA_RESTART|SA_SIGINFO
SIGINT: [libjvm.so+0xbba7b0], sa_mask[0]=11111111011111111101111111111110, sa_flags=SA_RESTART|SA_SIGINFO
SIGTERM: [libjvm.so+0xbba7b0], sa_mask[0]=11111111011111111101111111111110, sa_flags=SA_RESTART|SA_SIGINFO
SIGQUIT: [libjvm.so+0xbba7b0], sa_mask[0]=11111111011111111101111111111110, sa_flags=SA_RESTART|SA_SIGINFO


---------------  S Y S T E M  ---------------

OS:DISTRIB_ID=Ubuntu
DISTRIB_RELEASE=18.04
DISTRIB_CODENAME=bionic
DISTRIB_DESCRIPTION="Ubuntu 18.04.2 LTS"
uname:Linux 5.0.0-27-generic #28~18.04.1-Ubuntu SMP Thu Aug 22 03:00:32 UTC 2019 x86_64
libc:glibc 2.27 NPTL 2.27 
rlimit: STACK 8192k, CORE 0k, NPROC 31322, NOFILE 4096, AS infinity, DATA infinity, FSIZE infinity
load average:0.42 0.43 0.42

/proc/meminfo:
MemTotal:        8087836 kB
MemFree:         1022648 kB
MemAvailable:    3357052 kB
Buffers:          508560 kB
Cached:          2182120 kB
SwapCached:            0 kB
Active:          5132860 kB
Inactive:        1077500 kB
Active(anon):    3801460 kB
Inactive(anon):    61328 kB
Active(file):    1331400 kB
Inactive(file):  1016172 kB
Unevictable:      276812 kB
Mlocked:              80 kB
SwapTotal:       2097148 kB
SwapFree:        2097148 kB
Dirty:               332 kB
Writeback:             0 kB
AnonPages:       3796588 kB
Mapped:           599740 kB
Shmem:            343112 kB
KReclaimable:     290604 kB
Slab:             410516 kB
SReclaimable:     290604 kB
SUnreclaim:       119912 kB
KernelStack:       16960 kB
PageTables:        70756 kB
NFS_Unstable:          0 kB
Bounce:                0 kB
WritebackTmp:          0 kB
CommitLimit:     6141064 kB
Committed_AS:   10530228 kB
VmallocTotal:   34359738367 kB
VmallocUsed:           0 kB
VmallocChunk:          0 kB
Percpu:             2528 kB
HardwareCorrupted:     0 kB
AnonHugePages:         0 kB
ShmemHugePages:        0 kB
ShmemPmdMapped:        0 kB
CmaTotal:              0 kB
CmaFree:               0 kB
HugePages_Total:       0
HugePages_Free:        0
HugePages_Rsvd:        0
HugePages_Surp:        0
Hugepagesize:       2048 kB
Hugetlb:               0 kB
DirectMap4k:      314260 kB
DirectMap2M:     7997440 kB
DirectMap1G:     1048576 kB


/proc/sys/kernel/threads-max (system-wide limit on the number of threads):
62645


/proc/sys/vm/max_map_count (maximum number of memory map areas a process may have):
65530


/proc/sys/kernel/pid_max (system-wide limit on number of process identifiers):
32768



container (cgroup) information:
container_type: cgroupv1
cpu_cpuset_cpus: 0-3
cpu_memory_nodes: 0
active_processor_count: 4
cpu_quota: -1
cpu_period: 100000
cpu_shares: -1
memory_limit_in_bytes: -1
memory_and_swap_limit_in_bytes: -2
memory_soft_limit_in_bytes: -1
memory_usage_in_bytes: 4871917568
memory_max_usage_in_bytes: 4914249728

Steal ticks since vm start: 0
Steal ticks percentage since vm start:  0.000

CPU:total 4 (initial active 4) (4 cores per cpu, 1 threads per core) family 6 model 60 stepping 3, cmov, cx8, fxsr, mmx, sse, sse2, sse3, ssse3, sse4.1, sse4.2, popcnt, avx, avx2, aes, clmul, erms, lzcnt, tsc, tscinvbit, bmi1, bmi2, fma
CPU Model and flags from /proc/cpuinfo:
model name	: Intel(R) Core(TM) i5-4690 CPU @ 3.50GHz
flags		: fpu vme de pse tsc msr pae mce cx8 apic sep mtrr pge mca cmov pat pse36 clflush dts acpi mmx fxsr sse sse2 ss ht tm pbe syscall nx pdpe1gb rdtscp lm constant_tsc arch_perfmon pebs bts rep_good nopl xtopology nonstop_tsc cpuid aperfmperf pni pclmulqdq dtes64 monitor ds_cpl vmx smx est tm2 ssse3 sdbg fma cx16 xtpr pdcm pcid sse4_1 sse4_2 x2apic movbe popcnt tsc_deadline_timer aes xsave avx f16c rdrand lahf_lm abm cpuid_fault epb invpcid_single pti ssbd ibrs ibpb stibp tpr_shadow vnmi flexpriority ept vpid ept_ad fsgsbase tsc_adjust bmi1 avx2 smep bmi2 erms invpcid xsaveopt dtherm ida arat pln pts md_clear flush_l1d

Memory: 4k page, physical 8087836k(1022648k free), swap 2097148k(2097148k free)

vm_info: OpenJDK 64-Bit Server VM (11.0.4+11-post-Ubuntu-1ubuntu218.04.3) for linux-amd64 JRE (11.0.4+11-post-Ubuntu-1ubuntu218.04.3), built on Jul 18 2019 18:21:46 by "buildd" with gcc 7.4.0

END.
